localhost,Request URL http://localhost/krafty/krafty/home/upload.php,
localhost,Request URL http://localhost/krafty/krafty/wp-content/uploads/2019/11/soaps-2958985_1920.jpg,
localhost,Request URL http://localhost/krafty/krafty/wp-content/uploads/2019/11/hands-1283146_1920-1536x1024.jpg,
localhost,Request URL http://localhost/krafty/krafty/wp-content/uploads/2019/11/sewing-907803_1920.jpg,
localhost,Request URL http://localhost/krafty/krafty/wp-content/uploads/2019/11/angel-569230_1920-1-1536x1536.jpg,
localhost,Request URL http://localhost/krafty/krafty/wp-content/uploads/2019/11/elena-ferrer-SdWh_AX_4nc-unsplash-scaled.jpg,
localhost,Request URL http://localhost/krafty/krafty/wp-content/uploads/2019/11/news-01-300x200.jpg,
localhost,Request URL http://localhost/krafty/krafty/wp-content/uploads/2019/11/motorcycle-4276105_1920-1536x1024.jpg,
localhost,Request URL http://localhost/krafty/krafty/wp-content/uploads/2019/11/sheep-3103597_1920-1536x1024.jpg,
localhost,Request URL http://localhost/krafty/krafty/wp-content/uploads/2019/11/banner.jpg,
localhost,Request URL http://localhost/krafty/krafty/wp-content/uploads/2019/11/angel-569230_1920-1-1536x1536.jpg,
localhost,Request URL http://localhost/krafty/krafty/wp-content/uploads/2019/11/soaps-2958985_1920.jpg,
localhost,Request URL http://localhost/krafty/krafty/wp-content/uploads/2019/11/motorcycle-4276105_1920-1536x1024.jpg,
localhost,Request URL http://localhost/krafty/krafty/wp-content/uploads/2019/11/news-01-300x200.jpg,
localhost,Request URL http://localhost/krafty/krafty/wp-content/uploads/2019/11/news-01-300x200.jpg,
36x1024.jpg,
localhost,Request URL http://localhost/krafty/krafty/wp-content/uploads/2019/11/soaps-2958985_1920.jpg,
localhost,Request URL http://localhost/krafty/krafty/wp-content/uploads/2019/11/sewing-907803_1920.jpg,
localhost,Request URL http://localhost/krafty/krafty/wp-content/uploads/2019/11/angel-569230_1920-1-1536x1536.jpg,
localhost,Request URL http://localhost/krafty/krafty/wp-content/uploads/2019/11/motorcycle-4276105_1920-1536x1024.jpg,
localhost,Request URL http://localhost/krafty/krafty/wp-content/uploads/2019/11/angel-569230_1920-1.jpg,
localhost,Request URL http://localhost/krafty/krafty/wp-content/uploads/2019/11/sewing-907803_1920.jpg,
localhost,Request URL http://localhost/krafty/krafty/wp-content/uploads/2019/11/news-01-300x200.jpg,
localhost,Request URL http://localhost/krafty/krafty/wp-content/uploads/2019/11/soaps-2958985_1920.jpg,
localhost,Request URL http://localhost/krafty/krafty/wp-content/uploads/2019/11/sewing-907803_1920.jpg,
localhost,Request URL http://localhost/krafty/krafty/wp-content/uploads/2019/11/angel-569230_1920-1.jpg,
localhost,Request URL http://localhost/krafty/krafty/wp-content/uploads/2019/11/news-01-300x200.jpg,
localhost,Request URL http://localhost/krafty/krafty/wp-content/uploads/2019/11/soaps-2958985_1920.jpg,
localhost,Request URL http://localhost/krafty/krafty/wp-content/uploads/2019/11/news-01-300x200.jpg,
localhost,Request URL http://localhost/krafty/krafty/wp-content/uploads/2019/11/motorcycle-4276105_1920-1536x1024.jpg,
localhost,Request URL http://localhost/krafty/krafty/wp-content/uploads/2019/11/sewing-907803_1920.jpg,
localhost,Request URL http://localhost/krafty/krafty/wp-content/uploads/2019/11/angel-569230_1920-1-1536x1536.jpg,
localhost,Request URL http://localhost/krafty/krafty/wp-content/uploads/2019/11/soaps-2958985_1920.jpg,
localhost,Request URL http://localhost/krafty/krafty/wp-content/uploads/2019/11/sheep-3103597_1920-1536x1024.jpg,
localhost,Request URL http://localhost/krafty/krafty/wp-content/uploads/2019/11/motorcycle-4276105_1920-1536x1024.jpg,
localhost,Request URL http://localhost/krafty/krafty/wp-content/uploads/2019/11/soaps-2958985_1920.jpg,
localhost,Request URL http://localhost/krafty/krafty/wp-content/uploads/2019/11/angel-569230_1920-1-1536x1536.jpg,
localhost,Request URL http://localhost/krafty/krafty/wp-content/uploads/2019/11/sewing-907803_1920.jpg,
localhost,Request URL http://localhost/krafty/krafty/wp-content/uploads/2019/11/sheep-3103597_1920-1536x1024.jpg,
localhost,Request URL http://localhost/krafty/krafty/wp-content/uploads/2019/11/soaps-2958985_1920.jpg,
localhost,Request URL http://localhost/krafty/krafty/wp-content/uploads/2019/11/angel-569230_1920-1-1536x1536.jpg,
localhost,Request URL http://localhost/krafty/krafty/wp-content/uploads/2019/11/angel-569230_1920-1-1536x1536.jpg,
localhost,Request URL http://localhost/krafty/krafty/wp-content/uploads/2019/11/angel-569230_1920-1.jpg,
localhost,Request URL http://localhost/krafty/krafty/wp-content/uploads/2019/11/angel-569230_1920-1.jpg,
localhost,Request URL http://localhost/krafty/krafty/wp-content/uploads/2019/11/angel-569230_1920-1.jpg,
localhost,Request URL http://localhost/krafty/krafty/wp-content/et-cache/global/et-divi-customizer-global-15741779059472.min.css,
localhost,Request URL http://localhost/krafty/krafty/wp-content/et-cache/9/et-core-unified-9-15741836822006.min.css,
